Determining if the pthread_create exist failed with the following output:
Change Dir: /home/turtle/catkin_ws/src/github/core_rover/build/catkin_tools_prebuild/CMakeFiles/CMakeTmp

Run Build Command:"/usr/bin/make" "cmTC_fbe67/fast"
/usr/bin/make -f CMakeFiles/cmTC_fbe67.dir/build.make CMakeFiles/cmTC_fbe67.dir/build
make[1]: Entering directory '/home/turtle/catkin_ws/src/github/core_rover/build/catkin_tools_prebuild/CMakeFiles/CMakeTmp'
Building C object CMakeFiles/cmTC_fbe67.dir/CheckSymbolExists.c.o
/usr/bin/cc     -o CMakeFiles/cmTC_fbe67.dir/CheckSymbolExists.c.o   -c /home/turtle/catkin_ws/src/github/core_rover/build/catkin_tools_prebuild/CMakeFiles/CMakeTmp/CheckSymbolExists.c
Linking C executable cmTC_fbe67
/usr/bin/cmake -E cmake_link_script CMakeFiles/cmTC_fbe67.dir/link.txt --verbose=1
/usr/bin/cc       CMakeFiles/cmTC_fbe67.dir/CheckSymbolExists.c.o  -o cmTC_fbe67 -rdynamic 
CMakeFiles/cmTC_fbe67.dir/CheckSymbolExists.c.o: In function `main':
CheckSymbolExists.c:(.text+0x16): undefined reference to `pthread_create'
collect2: error: ld returned 1 exit status
CMakeFiles/cmTC_fbe67.dir/build.make:97: recipe for target 'cmTC_fbe67' failed
make[1]: *** [cmTC_fbe67] Error 1
make[1]: Leaving directory '/home/turtle/catkin_ws/src/github/core_rover/build/catkin_tools_prebuild/CMakeFiles/CMakeTmp'
Makefile:126: recipe for target 'cmTC_fbe67/fast' failed
make: *** [cmTC_fbe67/fast] Error 2

File /home/turtle/catkin_ws/src/github/core_rover/build/catkin_tools_prebuild/CMakeFiles/CMakeTmp/CheckSymbolExists.c:
/* */
#include <pthread.h>

int main(int argc, char** argv)
{
  (void)argv;
#ifndef pthread_create
  return ((int*)(&pthread_create))[argc];
#else
  (void)argc;
  return 0;
#endif
}

Determining if the function pthread_create exists in the pthreads failed with the following output:
Change Dir: /home/turtle/catkin_ws/src/github/core_rover/build/catkin_tools_prebuild/CMakeFiles/CMakeTmp

Run Build Command:"/usr/bin/make" "cmTC_8399c/fast"
/usr/bin/make -f CMakeFiles/cmTC_8399c.dir/build.make CMakeFiles/cmTC_8399c.dir/build
make[1]: Entering directory '/home/turtle/catkin_ws/src/github/core_rover/build/catkin_tools_prebuild/CMakeFiles/CMakeTmp'
Building C object CMakeFiles/cmTC_8399c.dir/CheckFunctionExists.c.o
/usr/bin/cc    -DCHECK_FUNCTION_EXISTS=pthread_create   -o CMakeFiles/cmTC_8399c.dir/CheckFunctionExists.c.o   -c /usr/share/cmake-3.5/Modules/CheckFunctionExists.c
Linking C executable cmTC_8399c
/usr/bin/cmake -E cmake_link_script CMakeFiles/cmTC_8399c.dir/link.txt --verbose=1
/usr/bin/cc   -DCHECK_FUNCTION_EXISTS=pthread_create    CMakeFiles/cmTC_8399c.dir/CheckFunctionExists.c.o  -o cmTC_8399c -rdynamic -lpthreads 
/usr/bin/ld: cannot find -lpthreads
collect2: error: ld returned 1 exit status
CMakeFiles/cmTC_8399c.dir/build.make:97: recipe for target 'cmTC_8399c' failed
make[1]: *** [cmTC_8399c] Error 1
make[1]: Leaving directory '/home/turtle/catkin_ws/src/github/core_rover/build/catkin_tools_prebuild/CMakeFiles/CMakeTmp'
Makefile:126: recipe for target 'cmTC_8399c/fast' failed
make: *** [cmTC_8399c/fast] Error 2


